[debug] ----------------------------------------------------------------------
[debug] Command:      C:\Program Files\nodejs\node.exe C:\Users\Francesco\AppData\Roaming\npm\node_modules\firebase-tools\bin\firebase deploy
[debug] CLI Version:  3.6.1
[debug] Platform:     win32
[debug] Node Version: v6.9.2
[debug] Time:         Sun Apr 30 2017 21:20:49 GMT+0200 (ora legale Europa occidentale)
[debug] ----------------------------------------------------------------------
[debug] 
[debug] > command requires scopes: ["email","openid","https://www.googleapis.com/auth/cloudplatformprojects.readonly","https://www.googleapis.com/auth/firebase","https://www.googleapis.com/auth/cloud-platform"]
[debug] > refreshing access token with scopes: ["email","https://www.googleapis.com/auth/cloud-platform","https://www.googleapis.com/auth/cloudplatformprojects.readonly","https://www.googleapis.com/auth/firebase","openid"]
[debug] >>> HTTP REQUEST POST https://www.googleapis.com/oauth2/v3/token { refresh_token: '1/xrPkusju7lP69aFNO2ZoNRFaHokJ9c8F9HBKpJ2U4hY',
  client_id: '563584335869-fgrhgmd47bqnekij5i8b5pr03ho849e6.apps.googleusercontent.com',
  client_secret: 'j9iVZfS8kkCEFUPaAeJV0sAi',
  grant_type: 'refresh_token',
  scope: 'email https://www.googleapis.com/auth/cloud-platform https://www.googleapis.com/auth/cloudplatformprojects.readonly https://www.googleapis.com/auth/firebase openid' } 
 Sun Apr 30 2017 21:20:49 GMT+0200 (ora legale Europa occidentale)
[debug] <<< HTTP RESPONSE 200
[debug] >>> HTTP REQUEST GET https://admin.firebase.com/v1/projects/trucky-5e6c1  
 Sun Apr 30 2017 21:20:50 GMT+0200 (ora legale Europa occidentale)
[debug] <<< HTTP RESPONSE 200
[debug] >>> HTTP REQUEST GET https://admin.firebase.com/v1/database/trucky-5e6c1/tokens  
 Sun Apr 30 2017 21:20:50 GMT+0200 (ora legale Europa occidentale)
[debug] <<< HTTP RESPONSE 200
[info] 
[info] === Deploying to 'trucky-5e6c1'...
[info] 
[info] i  deploying database, functions, hosting
[info] +  database: rules ready to deploy.
[debug] > [functions] package.json contents: {
  "name": "functions",
  "description": "Cloud Functions for Firebase",
  "dependencies": {
    "fetch": "^1.1.0",
    "firebase-admin": "~4.1.2",
    "firebase-functions": "^0.5"
  },
  "private": true
}
[info] i  functions: ensuring necessary APIs are enabled...
[info] i  runtimeconfig: ensuring necessary APIs are enabled...
[debug] >>> HTTP REQUEST GET https://servicemanagement.googleapis.com/v1/services/cloudfunctions.googleapis.com/projectSettings/trucky-5e6c1?view=CONSUMER_VIEW  
 Sun Apr 30 2017 21:20:52 GMT+0200 (ora legale Europa occidentale)
[debug] >>> HTTP REQUEST GET https://servicemanagement.googleapis.com/v1/services/runtimeconfig.googleapis.com/projectSettings/trucky-5e6c1?view=CONSUMER_VIEW  
 Sun Apr 30 2017 21:20:52 GMT+0200 (ora legale Europa occidentale)
[debug] <<< HTTP RESPONSE 200
[info] +  runtimeconfig: all necessary APIs are enabled
[debug] <<< HTTP RESPONSE 200
[info] +  functions: all necessary APIs are enabled
[debug] >>> HTTP REQUEST GET https://appengine.googleapis.com/v1/apps/trucky-5e6c1  
 Sun Apr 30 2017 21:20:54 GMT+0200 (ora legale Europa occidentale)
[debug] >>> HTTP REQUEST GET https://apikeys.googleapis.com/v1/projects/trucky-5e6c1/apiKeys  
 Sun Apr 30 2017 21:20:54 GMT+0200 (ora legale Europa occidentale)
[debug] <<< HTTP RESPONSE 200
[debug] <<< HTTP RESPONSE 200
